\BOOKMARK [1][-]{section.1}{\376\377\176\352\213\272}{}% 1
\BOOKMARK [2][-]{subsection.1.1}{\376\377\170\024\172\166\200\314\146\157}{section.1}% 2
\BOOKMARK [2][-]{subsection.1.2}{\376\377\170\024\172\166\141\017\116\111}{section.1}% 3
\BOOKMARK [2][-]{subsection.1.3}{\376\377\170\024\172\166\225\356\230\230\116\016\170\024\172\166\140\035\215\357}{section.1}% 4
\BOOKMARK [2][-]{subsection.1.4}{\376\377\170\024\172\166\145\271\154\325\116\016\142\200\147\057\215\357\176\277}{section.1}% 5
\BOOKMARK [2][-]{subsection.1.5}{\376\377\170\024\172\166\121\205\133\271\116\016\172\340\202\202\133\211\143\222}{section.1}% 6
\BOOKMARK [2][-]{subsection.1.6}{\376\377\123\357\200\375\166\204\217\271\226\105\215\041\163\056}{section.1}% 7
\BOOKMARK [1][-]{section.2}{\376\377\145\207\163\056\176\374\217\360\116\016\164\006\213\272\127\372\170\100}{}% 8
\BOOKMARK [2][-]{subsection.2.1}{\376\377\163\260\116\343\142\225\215\104\176\304\124\010\164\006\213\272\116\016\117\060\213\241\213\357\135\356}{section.2}% 9
\BOOKMARK [2][-]{subsection.2.2}{\376\377\230\316\226\151\136\163\116\367\116\016\230\316\226\151\230\204\173\227}{section.2}% 10
\BOOKMARK [2][-]{subsection.2.3}{\376\377\133\275\147\176\230\316\226\151\136\163\116\367\116\016\131\032\176\246\147\137\176\304\124\010\117\030\123\026}{section.2}% 11
\BOOKMARK [2][-]{subsection.2.4}{\376\377\000C\000V\000a\000R\060\001\134\076\220\350\230\316\226\151\116\016\121\370\117\030\123\026}{section.2}% 12
\BOOKMARK [2][-]{subsection.2.5}{\376\377\123\117\145\271\135\356\117\060\213\241\116\016\172\063\120\145\215\104\116\247\221\115\177\156}{section.2}% 13
\BOOKMARK [2][-]{subsection.2.6}{\376\377\000H\000R\000P\000/\000H\000E\000R\000C\000\040\134\102\153\041\123\026\230\316\226\151\221\115\177\156}{section.2}% 14
\BOOKMARK [2][-]{subsection.2.7}{\376\377\126\375\121\205\133\236\215\365\217\333\134\125\116\016\147\054\145\207\133\232\117\115}{section.2}% 15
\BOOKMARK [2][-]{subsection.2.8}{\376\377\145\207\163\056\213\304\217\360\116\016\147\054\145\207\122\007\121\145\160\271}{section.2}% 16
\BOOKMARK [1][-]{section.3}{\376\377\164\006\213\272\150\106\147\266\116\016\152\041\127\213\145\271\154\325}{}% 17
\BOOKMARK [2][-]{subsection.3.1}{\376\377\176\337\116\000\173\046\123\367}{section.3}% 18
\BOOKMARK [2][-]{subsection.3.2}{\376\377\150\007\121\306\230\316\226\151\136\163\116\367}{section.3}% 19
\BOOKMARK [2][-]{subsection.3.3}{\376\377\133\275\147\176\230\316\226\151\136\163\116\367\116\016\000\040\000G\000l\000o\000b\000a\000l\000\040\000R\000R\000P}{section.3}% 20
\BOOKMARK [2][-]{subsection.3.4}{\376\377\000D\000e\000f\000e\000n\000s\000i\000v\000e\000\040\000D\000y\000n\000a\000m\000i\000c\000\040\000R\000R\000P}{section.3}% 21
\BOOKMARK [2][-]{subsection.3.5}{\376\377\000C\000o\000n\000v\000e\000x\000\040\000A\000d\000a\000p\000t\000i\000v\000e\000\040\000G\000l\000o\000b\000a\000l\000\040\000R\000R\000P}{section.3}% 22
\BOOKMARK [2][-]{subsection.3.6}{\376\377\000I\000m\000p\000r\000o\000v\000e\000d\000\040\000C\000o\000n\000v\000e\000x\000\040\000A\000d\000a\000p\000t\000i\000v\000e\000\040\000G\000l\000o\000b\000a\000l\000\040\000R\000R\000P}{section.3}% 23
\BOOKMARK [2][-]{subsection.3.7}{\376\377\000H\000R\000P\000\040\116\016\000\040\000H\000E\000R\000C\000\040\000B\000e\000n\000c\000h\000m\000a\000r\000k}{section.3}% 24
\BOOKMARK [2][-]{subsection.3.8}{\376\377\152\041\127\213\133\232\117\115\116\016\164\006\213\272\150\106\147\266\140\073\176\323}{section.3}% 25
\BOOKMARK [1][-]{section.4}{\376\377\145\160\143\156\060\001\123\330\221\317\116\016\170\024\172\166\213\276\213\241}{}% 26
\BOOKMARK [2][-]{subsection.4.1}{\376\377\000E\000T\000F\000\040\215\104\116\247\154\140\147\204\136\372\123\237\122\031}{section.4}% 27
\BOOKMARK [2][-]{subsection.4.2}{\376\377\145\160\143\156\147\145\156\220\116\016\131\004\164\006\155\101\172\013}{section.4}% 28
\BOOKMARK [2][-]{subsection.4.3}{\376\377\145\066\166\312\163\207\060\001\147\103\221\315\060\001\116\244\146\023\142\020\147\054\116\016\143\142\142\113\163\207\133\232\116\111}{section.4}% 29
\BOOKMARK [2][-]{subsection.4.4}{\376\377\176\304\124\010\176\246\147\137\116\016\214\003\116\323\211\304\122\031}{section.4}% 30
\BOOKMARK [2][-]{subsection.4.5}{\376\377\213\304\116\367\143\007\150\007\117\123\174\373}{section.4}% 31
\BOOKMARK [2][-]{subsection.4.6}{\376\377\126\336\155\113\155\101\172\013\116\016\145\340\122\115\211\306\213\276\213\241}{section.4}% 32
\BOOKMARK [2][-]{subsection.4.7}{\376\377\143\317\217\360\140\047\176\337\213\241\116\016\215\104\116\247\162\171\137\201\122\006\147\220}{section.4}% 33
\BOOKMARK [1][-]{section.5}{\376\377\133\236\213\301\176\323\147\234\122\006\147\220}{}% 34
\BOOKMARK [2][-]{subsection.5.1}{\376\377\116\073\152\041\127\213\176\351\145\110\176\323\147\234}{section.5}% 35
\BOOKMARK [2][-]{subsection.5.2}{\376\377\000H\000R\000P\000/\000H\000E\000R\000C\000\040\000B\000e\000n\000c\000h\000m\000a\000r\000k\000\040\133\371\153\324}{section.5}% 36
\BOOKMARK [2][-]{subsection.5.3}{\376\377\121\300\120\074\215\357\137\204\122\006\147\220}{section.5}% 37
\BOOKMARK [2][-]{subsection.5.4}{\376\377\126\336\144\244\210\150\163\260\122\006\147\220}{section.5}% 38
\BOOKMARK [2][-]{subsection.5.5}{\376\377\143\142\142\113\163\207\116\016\123\357\133\236\145\275\140\047\122\006\147\220}{section.5}% 39
\BOOKMARK [2][-]{subsection.5.6}{\376\377\147\103\221\315\215\357\137\204\116\016\152\041\127\213\210\114\116\072\211\343\221\312}{section.5}% 40
\BOOKMARK [2][-]{subsection.5.7}{\376\377\176\351\145\110\135\356\137\002\166\204\147\072\122\066\137\122\126\340}{section.5}% 41
\BOOKMARK [2][-]{subsection.5.8}{\376\377\000C\000V\000a\000R\000\040\134\076\220\350\230\316\226\151\122\006\147\220}{section.5}% 42
\BOOKMARK [2][-]{subsection.5.9}{\376\377\134\017\176\323}{section.5}% 43
\BOOKMARK [1][-]{section.6}{\376\377\172\063\120\145\140\047\150\300\232\214\116\016\217\307\142\337\124\010\213\312\145\255}{}% 44
\BOOKMARK [2][-]{subsection.6.1}{\376\377\172\063\120\145\140\047\150\300\232\214\123\237\122\031}{section.6}% 45
\BOOKMARK [2][-]{subsection.6.2}{\376\377\133\120\123\072\225\364\172\063\120\145\140\047}{section.6}% 46
\BOOKMARK [2][-]{subsection.6.3}{\376\377\116\244\146\023\142\020\147\054\145\117\141\037\140\047}{section.6}% 47
\BOOKMARK [2][-]{subsection.6.4}{\376\377\123\213\122\233\147\037\150\300\232\214}{section.6}% 48
\BOOKMARK [2][-]{subsection.6.5}{\376\377\123\302\145\160\142\160\122\250\116\016\154\102\211\343\126\150\172\063\133\232\140\047}{section.6}% 49
\BOOKMARK [2][-]{subsection.6.6}{\376\377\123\117\145\271\135\356\117\060\213\241\145\117\141\037\140\047}{section.6}% 50
\BOOKMARK [2][-]{subsection.6.7}{\376\377\000B\000l\000o\000c\000k\000\040\000B\000o\000o\000t\000s\000t\000r\000a\000p}{section.6}% 51
\BOOKMARK [2][-]{subsection.6.8}{\376\377\000C\000S\000C\000V\000/\000P\000B\000O\000\040\217\307\142\337\124\010\213\312\145\255}{section.6}% 52
\BOOKMARK [2][-]{subsection.6.9}{\376\377\000W\000a\000l\000k\000-\000F\000o\000r\000w\000a\000r\000d\060\001\000N\000e\000s\000t\000e\000d\000\040\116\016\000\040\000F\000r\000o\000z\000e\000n\000\040\000O\000O\000S}{section.6}% 53
\BOOKMARK [2][-]{subsection.6.10}{\376\377\145\340\122\115\211\306\133\241\213\241}{section.6}% 54
\BOOKMARK [2][-]{subsection.6.11}{\376\377\134\017\176\323}{section.6}% 55
\BOOKMARK [1][-]{section.7}{\376\377\147\072\147\204\221\115\177\156\136\224\165\050\213\250\213\272\060\001\176\323\213\272\116\016\134\125\147\033}{}% 56
\BOOKMARK [2][-]{subsection.7.1}{\376\377\225\177\147\037\215\104\221\321\221\115\177\156\227\000\154\102}{section.7}% 57
\BOOKMARK [2][-]{subsection.7.2}{\376\377\117\116\143\142\142\113\116\016\142\147\210\114\176\246\147\137}{section.7}% 58
\BOOKMARK [2][-]{subsection.7.3}{\376\377\134\076\220\350\230\316\226\151\116\016\230\316\226\151\154\273\164\006}{section.7}% 59
\BOOKMARK [2][-]{subsection.7.4}{\376\377\000H\000R\000P\000/\000H\000E\000R\000C\000\040\133\371\147\072\147\204\221\115\177\156\166\204\123\302\200\003\141\017\116\111}{section.7}% 60
\BOOKMARK [2][-]{subsection.7.5}{\376\377\116\015\124\014\147\072\147\204\166\356\150\007\116\013\166\204\152\041\127\213\117\177\165\050\136\372\213\256}{section.7}% 61
\BOOKMARK [2][-]{subsection.7.6}{\376\377\220\002\165\050\217\271\165\114\116\016\000\040\000A\000L\000M\000\040\142\151\134\125}{section.7}% 62
\BOOKMARK [2][-]{subsection.7.7}{\376\377\116\073\211\201\176\323\213\272}{section.7}% 63
\BOOKMARK [2][-]{subsection.7.8}{\376\377\170\024\172\166\116\015\215\263}{section.7}% 64
\BOOKMARK [2][-]{subsection.7.9}{\376\377\124\016\176\355\170\024\172\166\145\271\124\021}{section.7}% 65
\BOOKMARK [1][-]{appendix.A}{\376\377\131\015\163\260\124\175\116\344}{}% 66
\BOOKMARK [1][-]{appendix.B}{\376\377\116\073\211\201\176\323\147\234\145\207\116\366\175\042\137\025}{}% 67
\BOOKMARK [1][-]{appendix.C}{\376\377\152\041\127\213\133\232\117\115\154\107\140\073\210\150}{}% 68
\BOOKMARK [1][-]{appendix.D}{\376\377\116\073\211\201\143\007\150\007\133\232\116\111\154\107\140\073}{}% 69
\BOOKMARK [1][-]{appendix.E}{\376\377\145\340\122\115\211\306\150\300\147\345\156\005\123\125}{}% 70
\BOOKMARK [1][-]{section*.26}{\376\377\123\302\200\003\145\207\163\056}{}% 71
